{"uuid":"11ddb040-c1dc-4cd1-a135-d000b4c7887f","historyId":"53614ca93a367551e91d8966eacaa19b","fullName":"TestCase.AccountTest.loginSuccessfully","labels":[{"name":"package","value":"TestCase.AccountTest"},{"name":"testClass","value":"TestCase.AccountTest"},{"name":"testMethod","value":"loginSuccessfully"},{"name":"parentSuite","value":"ActiveItZone"},{"name":"suite","value":"Selenium_PJ_Test"},{"name":"subSuite","value":"TestCase.AccountTest"},{"name":"host","value":"DESKTOP-NOCLH30"},{"name":"thread","value":"19344@DESKTOP-NOCLH30.main(1)"},{"name":"framework","value":"testng"},{"name":"language","value":"java"}],"links":[],"name":"loginSuccessfully","status":"failed","statusDetails":{"known":false,"muted":false,"flaky":false,"message":"The element does NOT present. Expected condition failed: waiting for presence of element located by: By.xpath: //div[@class='message-error error message'] (tried for 15 second(s) with 500 milliseconds interval)","trace":"java.lang.AssertionError: The element does NOT present. Expected condition failed: waiting for presence of element located by: By.xpath: //div[@class='message-error error message'] (tried for 15 second(s) with 500 milliseconds interval)\r\n\tat org.testng.Assert.fail(Assert.java:99)\r\n\tat Common.handle.WebUI.verifyElementPresent(WebUI.java:1022)\r\n\tat Setup.project.pages.Account.AccountPage.loginSuccessfully(AccountPage.java:36)\r\n\tat TestCase.AccountTest.loginSuccessfully(AccountTest.java:19)\r\n\tat java.base/jdk.internal.reflect.DirectMethodHandleAccessor.invoke(DirectMethodHandleAccessor.java:104)\r\n\tat java.base/java.lang.reflect.Method.invoke(Method.java:578)\r\n\tat org.testng.internal.MethodInvocationHelper.invokeMethod(MethodInvocationHelper.java:133)\r\n\tat org.testng.internal.TestInvoker.invokeMethod(TestInvoker.java:598)\r\n\tat org.testng.internal.TestInvoker.invokeTestMethod(TestInvoker.java:173)\r\n\tat org.testng.internal.MethodRunner.runInSequence(MethodRunner.java:46)\r\n\tat org.testng.internal.TestInvoker$MethodInvocationAgent.invoke(TestInvoker.java:824)\r\n\tat org.testng.internal.TestInvoker.invokeTestMethods(TestInvoker.java:146)\r\n\tat org.testng.internal.TestMethodWorker.invokeTestMethods(TestMethodWorker.java:146)\r\n\tat org.testng.internal.TestMethodWorker.run(TestMethodWorker.java:128)\r\n\tat java.base/java.util.ArrayList.forEach(ArrayList.java:1511)\r\n\tat org.testng.TestRunner.privateRun(TestRunner.java:794)\r\n\tat org.testng.TestRunner.run(TestRunner.java:596)\r\n\tat org.testng.SuiteRunner.runTest(SuiteRunner.java:377)\r\n\tat org.testng.SuiteRunner.runSequentially(SuiteRunner.java:371)\r\n\tat org.testng.SuiteRunner.privateRun(SuiteRunner.java:332)\r\n\tat org.testng.SuiteRunner.run(SuiteRunner.java:276)\r\n\tat org.testng.SuiteRunnerWorker.runSuite(SuiteRunnerWorker.java:53)\r\n\tat org.testng.SuiteRunnerWorker.run(SuiteRunnerWorker.java:96)\r\n\tat org.testng.TestNG.runSuitesSequentially(TestNG.java:1212)\r\n\tat org.testng.TestNG.runSuitesLocally(TestNG.java:1134)\r\n\tat org.testng.TestNG.runSuites(TestNG.java:1063)\r\n\tat org.testng.TestNG.run(TestNG.java:1031)\r\n\tat com.intellij.rt.testng.IDEARemoteTestNG.run(IDEARemoteTestNG.java:66)\r\n\tat com.intellij.rt.testng.RemoteTestNGStarter.main(RemoteTestNGStarter.java:109)\r\n"},"stage":"finished","steps":[{"name":"Open website with URL https://magento-demo.mageplaza.com/customer/account/login/referer/aHR0cHM6Ly9tYWdlbnRvLWRlbW8ubWFnZXBsYXphLmNvbS8%2C/","status":"passed","stage":"finished","steps":[],"attachments":[{"name":"Open URL: https://magento-demo.mageplaza.com/customer/account/login/referer/aHR0cHM6Ly9tYWdlbnRvLWRlbW8ubWFnZXBsYXphLmNvbS8%2C/","source":"e91d5e1a-51ce-4d7e-9950-ed0c97be1ac7-attachment","type":"text/plain"}],"parameters":[{"name":"URL","value":"https://magento-demo.mageplaza.com/customer/account/login/referer/aHR0cHM6Ly9tYWdlbnRvLWRlbW8ubWFnZXBsYXphLmNvbS8%2C/"}],"start":1673875271161,"stop":1673875275345},{"name":"Get Current URL","status":"passed","stage":"finished","steps":[],"attachments":[{"name":"Current Page Url: https://magento-demo.mageplaza.com/customer/account/login/referer/aHR0cHM6Ly9tYWdlbnRvLWRlbW8ubWFnZXBsYXphLmNvbS8%2C/","source":"2fa69093-7662-4975-9e42-dc3630f59e28-attachment","type":"text/plain"}],"parameters":[],"start":1673875275345,"stop":1673875275376},{"name":"Verify Page Url https://magento-demo.mageplaza.com/customer/account/login/referer/aHR0cHM6Ly9tYWdlbnRvLWRlbW8ubWFnZXBsYXphLmNvbS8%2C/","status":"passed","stage":"finished","steps":[],"attachments":[],"parameters":[{"name":"pageUrl","value":"https://magento-demo.mageplaza.com/customer/account/login/referer/aHR0cHM6Ly9tYWdlbnRvLWRlbW8ubWFnZXBsYXphLmNvbS8%2C/"}],"start":1673875275377,"stop":1673875275393},{"name":"Clear value in textbox","status":"passed","stage":"finished","steps":[{"name":"Verify element visible By.xpath: //input[@id='email']","status":"passed","stage":"finished","steps":[],"attachments":[],"parameters":[{"name":"by","value":"By.xpath: //input[@id='email']"},{"name":"timeout","value":"1"}],"start":1673875275436,"stop":1673875275473}],"attachments":[{"name":"Clear value in textbox","source":"97379012-6863-4168-a3f5-711f81d81506-attachment","type":"text/plain"}],"parameters":[{"name":"by","value":"By.xpath: //input[@id='email']"}],"start":1673875275397,"stop":1673875275531},{"name":"Clear value in textbox","status":"passed","stage":"finished","steps":[{"name":"Verify element visible By.xpath: //input[@id='pass']","status":"passed","stage":"finished","steps":[],"attachments":[],"parameters":[{"name":"by","value":"By.xpath: //input[@id='pass']"},{"name":"timeout","value":"1"}],"start":1673875275553,"stop":1673875275581}],"attachments":[{"name":"Clear value in textbox","source":"a745ebb9-010a-4742-861b-bfe435037e36-attachment","type":"text/plain"}],"parameters":[{"name":"by","value":"By.xpath: //input[@id='pass']"}],"start":1673875275531,"stop":1673875275630},{"name":"Set text on textbox","status":"passed","stage":"finished","steps":[{"name":"Verify element visible By.xpath: //input[@id='email']","status":"passed","stage":"finished","steps":[],"attachments":[],"parameters":[{"name":"by","value":"By.xpath: //input[@id='email']"},{"name":"timeout","value":"1"}],"start":1673875276656,"stop":1673875276680}],"attachments":[{"name":"Set text roni_cost@example.com on By.xpath: //input[@id='email']","source":"aa68f3ea-7955-4ef1-bea2-9ff1b3d3e18f-attachment","type":"text/plain"}],"parameters":[{"name":"by","value":"By.xpath: //input[@id='email']"},{"name":"value","value":"roni_cost@example.com"}],"start":1673875275631,"stop":1673875276785},{"name":"Set text on textbox","status":"passed","stage":"finished","steps":[{"name":"Verify element visible By.xpath: //input[@id='pass']","status":"passed","stage":"finished","steps":[],"attachments":[],"parameters":[{"name":"by","value":"By.xpath: //input[@id='pass']"},{"name":"timeout","value":"1"}],"start":1673875277814,"stop":1673875277843}],"attachments":[{"name":"Set text roni_cost3@example.com on By.xpath: //input[@id='pass']","source":"e9a80f7c-f4f8-4de4-8ad6-b6414453fc3f-attachment","type":"text/plain"}],"parameters":[{"name":"by","value":"By.xpath: //input[@id='pass']"},{"name":"value","value":"roni_cost3@example.com"}],"start":1673875276786,"stop":1673875277946},{"name":"Click on the element By.xpath: //button[@id='send2']","status":"passed","stage":"finished","steps":[{"name":"Verify element visible By.xpath: //button[@id='send2']","status":"passed","stage":"finished","steps":[],"attachments":[],"parameters":[{"name":"by","value":"By.xpath: //button[@id='send2']"},{"name":"timeout","value":"1"}],"start":1673875277968,"stop":1673875277990}],"attachments":[{"name":"Clicked on the object By.xpath: //button[@id='send2']","source":"86788409-e173-4d95-9e44-8ade5836a603-attachment","type":"text/plain"}],"parameters":[{"name":"by","value":"By.xpath: //button[@id='send2']"}],"start":1673875277946,"stop":1673875284709},{"name":"Verify element present By.xpath: //div[@class='message-error error message']","status":"failed","statusDetails":{"known":false,"muted":false,"flaky":false,"message":"The element does NOT present. Expected condition failed: waiting for presence of element located by: By.xpath: //div[@class='message-error error message'] (tried for 15 second(s) with 500 milliseconds interval)","trace":"java.lang.AssertionError: The element does NOT present. Expected condition failed: waiting for presence of element located by: By.xpath: //div[@class='message-error error message'] (tried for 15 second(s) with 500 milliseconds interval)\r\n\tat org.testng.Assert.fail(Assert.java:99)\r\n\tat Common.handle.WebUI.verifyElementPresent(WebUI.java:1022)\r\n\tat Setup.project.pages.Account.AccountPage.loginSuccessfully(AccountPage.java:36)\r\n\tat TestCase.AccountTest.loginSuccessfully(AccountTest.java:19)\r\n\tat java.base/jdk.internal.reflect.DirectMethodHandleAccessor.invoke(DirectMethodHandleAccessor.java:104)\r\n\tat java.base/java.lang.reflect.Method.invoke(Method.java:578)\r\n\tat org.testng.internal.MethodInvocationHelper.invokeMethod(MethodInvocationHelper.java:133)\r\n\tat org.testng.internal.TestInvoker.invokeMethod(TestInvoker.java:598)\r\n\tat org.testng.internal.TestInvoker.invokeTestMethod(TestInvoker.java:173)\r\n\tat org.testng.internal.MethodRunner.runInSequence(MethodRunner.java:46)\r\n\tat org.testng.internal.TestInvoker$MethodInvocationAgent.invoke(TestInvoker.java:824)\r\n\tat org.testng.internal.TestInvoker.invokeTestMethods(TestInvoker.java:146)\r\n\tat org.testng.internal.TestMethodWorker.invokeTestMethods(TestMethodWorker.java:146)\r\n\tat org.testng.internal.TestMethodWorker.run(TestMethodWorker.java:128)\r\n\tat java.base/java.util.ArrayList.forEach(ArrayList.java:1511)\r\n\tat org.testng.TestRunner.privateRun(TestRunner.java:794)\r\n\tat org.testng.TestRunner.run(TestRunner.java:596)\r\n\tat org.testng.SuiteRunner.runTest(SuiteRunner.java:377)\r\n\tat org.testng.SuiteRunner.runSequentially(SuiteRunner.java:371)\r\n\tat org.testng.SuiteRunner.privateRun(SuiteRunner.java:332)\r\n\tat org.testng.SuiteRunner.run(SuiteRunner.java:276)\r\n\tat org.testng.SuiteRunnerWorker.runSuite(SuiteRunnerWorker.java:53)\r\n\tat org.testng.SuiteRunnerWorker.run(SuiteRunnerWorker.java:96)\r\n\tat org.testng.TestNG.runSuitesSequentially(TestNG.java:1212)\r\n\tat org.testng.TestNG.runSuitesLocally(TestNG.java:1134)\r\n\tat org.testng.TestNG.runSuites(TestNG.java:1063)\r\n\tat org.testng.TestNG.run(TestNG.java:1031)\r\n\tat com.intellij.rt.testng.IDEARemoteTestNG.run(IDEARemoteTestNG.java:66)\r\n\tat com.intellij.rt.testng.RemoteTestNGStarter.main(RemoteTestNGStarter.java:109)\r\n"},"stage":"finished","steps":[],"attachments":[],"parameters":[{"name":"by","value":"By.xpath: //div[@class='message-error error message']"}],"start":1673875284718,"stop":1673875299834}],"attachments":[{"name":"Failed test screenshot","source":"68975d93-c629-4da7-8b8c-0724964dfd57-attachment","type":"image/png"},{"name":"java.lang.AssertionError: The element does NOT present. Expected condition failed: waiting for presence of element located by: By.xpath: //div[@class='message-error error message'] (tried for 15 second(s) with 500 milliseconds interval)","source":"bf1c648c-9e49-401f-9c8b-4d955cabf208-attachment","type":"text/plain"}],"parameters":[{"name":"URL","value":"https://demo.activeitzone.com/ecommerce/login"},{"name":"browserType","value":"chrome"},{"name":"arg0","value":"{EMAIL=roni_cost@example.com, EXPECTED_URL=https://magento-demo.mageplaza.com/, TESTCASEID=loginSuccessfully, SIGNIN_PAGE_URL=https://magento-demo.mageplaza.com/customer/account/login/referer/aHR0cHM6Ly9tYWdlbnRvLWRlbW8ubWFnZXBsYXphLmNvbS8%2C/, PASSWORD=roni_cost3@example.com}"}],"start":1673875271012,"stop":1673875301129}